[ 2015-05-04T09:37:21+08:00 ] 127.0.0.1 /activity/index.php/home
INFO: [ app_init ] --START--
INFO: Run Behavior\BuildLiteBehavior [ RunTime:0.000000s ]
INFO: [ app_init ] --END-- [ RunTime:0.017001s ]
INFO: [ app_begin ] --START--
INFO: Run Behavior\ReadHtmlCacheBehavior [ RunTime:0.003001s ]
INFO: [ app_begin ] --END-- [ RunTime:0.003001s ]

[ 2015-05-04T09:37:31+08:00 ] 127.0.0.1 /activity/index.php/home
INFO: [ app_init ] --START--
INFO: Run Behavior\BuildLiteBehavior [ RunTime:0.000000s ]
INFO: [ app_init ] --END-- [ RunTime:0.001000s ]
INFO: [ app_begin ] --START--
INFO: Run Behavior\ReadHtmlCacheBehavior [ RunTime:0.001000s ]
INFO: [ app_begin ] --END-- [ RunTime:0.001000s ]
SQL: SHOW COLUMNS FROM `act_person` [ RunTime:0.0070s ]
SQL: SELECT * FROM `act_person` WHERE ( no='123' and password='caf1a3dfb505ffed0d024130f58c5cfa'  )  [ RunTime:0.0000s ]
INFO: [ app_end ] --START--
INFO: Run Behavior\ShowPageTraceBehavior [ RunTime:0.002000s ]
INFO: [ app_end ] --END-- [ RunTime:0.002000s ]

[ 2015-05-04T09:38:27+08:00 ] 127.0.0.1 /activity/index.php/home
INFO: [ app_init ] --START--
INFO: Run Behavior\BuildLiteBehavior [ RunTime:0.000000s ]
INFO: [ app_init ] --END-- [ RunTime:0.001000s ]
INFO: [ app_begin ] --START--
INFO: Run Behavior\ReadHtmlCacheBehavior [ RunTime:0.001000s ]
INFO: [ app_begin ] --END-- [ RunTime:0.002000s ]
SQL: SHOW COLUMNS FROM `act_person` [ RunTime:0.0410s ]
SQL: SELECT * FROM `act_person` WHERE ( no='123' and password='caf1a3dfb505ffed0d024130f58c5cfa'  )  [ RunTime:0.0000s ]
INFO: [ app_end ] --START--
INFO: Run Behavior\ShowPageTraceBehavior [ RunTime:0.002000s ]
INFO: [ app_end ] --END-- [ RunTime:0.003000s ]

[ 2015-05-04T09:49:39+08:00 ] 127.0.0.1 /activity/index.php/home
INFO: [ app_init ] --START--
INFO: Run Behavior\BuildLiteBehavior [ RunTime:0.000000s ]
INFO: [ app_init ] --END-- [ RunTime:0.001000s ]
INFO: [ app_begin ] --START--
INFO: Run Behavior\ReadHtmlCacheBehavior [ RunTime:0.001001s ]
INFO: [ app_begin ] --END-- [ RunTime:0.002001s ]
SQL: SHOW COLUMNS FROM `act_person` [ RunTime:0.0080s ]
SQL: SELECT * FROM `act_person` WHERE ( id='1' and password='caf1a3dfb505ffed0d024130f58c5cfa'  )  [ RunTime:0.0280s ]
NOTIC: [8] Undefined variable: User E:\phpStudy\WWW\activity\Application\Home\Model\PersonModel.class.php 第 22 行.

[ 2015-05-04T09:50:02+08:00 ] 127.0.0.1 /activity/index.php/home
INFO: [ app_init ] --START--
INFO: Run Behavior\BuildLiteBehavior [ RunTime:0.000000s ]
INFO: [ app_init ] --END-- [ RunTime:0.001000s ]
INFO: [ app_begin ] --START--
INFO: Run Behavior\ReadHtmlCacheBehavior [ RunTime:0.001000s ]
INFO: [ app_begin ] --END-- [ RunTime:0.001000s ]
SQL: SHOW COLUMNS FROM `act_person` [ RunTime:0.0080s ]
SQL: SELECT * FROM `act_person` WHERE ( id='1' and password='caf1a3dfb505ffed0d024130f58c5cfa'  )  [ RunTime:0.0010s ]
SQL: UPDATE `act_person` SET `password`='202cb962ac59075b964b07152d234b70' WHERE ( id='1' ) [ RunTime:0.0010s ]
INFO: [ app_end ] --START--
INFO: Run Behavior\ShowPageTraceBehavior [ RunTime:0.002001s ]
INFO: [ app_end ] --END-- [ RunTime:0.002001s ]

[ 2015-05-04T09:51:29+08:00 ] 127.0.0.1 /activity/index.php/home
INFO: [ app_init ] --START--
INFO: Run Behavior\BuildLiteBehavior [ RunTime:0.000000s ]
INFO: [ app_init ] --END-- [ RunTime:0.001001s ]
INFO: [ app_begin ] --START--
INFO: Run Behavior\ReadHtmlCacheBehavior [ RunTime:0.009000s ]
INFO: [ app_begin ] --END-- [ RunTime:0.009000s ]
SQL: SHOW COLUMNS FROM `act_person` [ RunTime:0.0080s ]
SQL: SELECT * FROM `act_person` WHERE ( id='1' and password='caf1a3dfb505ffed0d024130f58c5cfa'  )  [ RunTime:0.0010s ]
INFO: [ app_end ] --START--
INFO: Run Behavior\ShowPageTraceBehavior [ RunTime:0.034002s ]
INFO: [ app_end ] --END-- [ RunTime:0.034002s ]

[ 2015-05-04T09:56:29+08:00 ] 127.0.0.1 /H5activity/index.php/home
INFO: [ app_init ] --START--
INFO: Run Behavior\BuildLiteBehavior [ RunTime:0.000000s ]
INFO: [ app_init ] --END-- [ RunTime:0.001000s ]
INFO: [ app_begin ] --START--
INFO: Run Behavior\ReadHtmlCacheBehavior [ RunTime:0.018001s ]
INFO: [ app_begin ] --END-- [ RunTime:0.018001s ]
NOTIC: [2] require_once(Application/Home/Model/Status.class.php) [<a href='function.require-once'>function.require-once</a>]: failed to open stream: No such file or directory E:\phpStudy\WWW\H5Activity\Application\Home\Model\PersonModel.class.php 第 4 行.

[ 2015-05-04T09:56:33+08:00 ] 127.0.0.1 /h5activity/index.php/home
INFO: [ app_init ] --START--
INFO: Run Behavior\BuildLiteBehavior [ RunTime:0.000000s ]
INFO: [ app_init ] --END-- [ RunTime:0.001000s ]
INFO: [ app_begin ] --START--
INFO: Run Behavior\ReadHtmlCacheBehavior [ RunTime:0.002000s ]
INFO: [ app_begin ] --END-- [ RunTime:0.002000s ]
NOTIC: [2] require_once(Application/Home/Model/Status.class.php) [<a href='function.require-once'>function.require-once</a>]: failed to open stream: No such file or directory E:\phpStudy\WWW\H5Activity\Application\Home\Model\PersonModel.class.php 第 4 行.

[ 2015-05-04T09:56:52+08:00 ] 127.0.0.1 /activity/index.php/home
INFO: [ app_init ] --START--
INFO: Run Behavior\BuildLiteBehavior [ RunTime:0.000000s ]
INFO: [ app_init ] --END-- [ RunTime:0.001000s ]
INFO: [ app_begin ] --START--
INFO: Run Behavior\ReadHtmlCacheBehavior [ RunTime:0.002000s ]
INFO: [ app_begin ] --END-- [ RunTime:0.002000s ]
NOTIC: [2] require_once(Application/Home/Model/Status.class.php) [<a href='function.require-once'>function.require-once</a>]: failed to open stream: No such file or directory E:\phpStudy\WWW\activity\Application\Home\Model\PersonModel.class.php 第 4 行.

[ 2015-05-04T09:56:56+08:00 ] 127.0.0.1 /activity/index.php/home
INFO: [ app_init ] --START--
INFO: Run Behavior\BuildLiteBehavior [ RunTime:0.000000s ]
INFO: [ app_init ] --END-- [ RunTime:0.001000s ]
INFO: [ app_begin ] --START--
INFO: Run Behavior\ReadHtmlCacheBehavior [ RunTime:0.001000s ]
INFO: [ app_begin ] --END-- [ RunTime:0.001000s ]
NOTIC: [2] require_once(Application/Home/Model/Status.class.php) [<a href='function.require-once'>function.require-once</a>]: failed to open stream: No such file or directory E:\phpStudy\WWW\activity\Application\Home\Model\PersonModel.class.php 第 4 行.

[ 2015-05-04T09:57:15+08:00 ] 127.0.0.1 /activity/index.php/home
INFO: [ app_init ] --START--
INFO: Run Behavior\BuildLiteBehavior [ RunTime:0.000000s ]
INFO: [ app_init ] --END-- [ RunTime:0.001000s ]
INFO: [ app_begin ] --START--
INFO: Run Behavior\ReadHtmlCacheBehavior [ RunTime:0.001000s ]
INFO: [ app_begin ] --END-- [ RunTime:0.001000s ]
SQL: SHOW COLUMNS FROM `act_person` [ RunTime:0.0080s ]
SQL: SELECT * FROM `act_person` WHERE ( id='1' and password='caf1a3dfb505ffed0d024130f58c5cfa'  )  [ RunTime:0.0010s ]
INFO: [ app_end ] --START--
INFO: Run Behavior\ShowPageTraceBehavior [ RunTime:0.012001s ]
INFO: [ app_end ] --END-- [ RunTime:0.013001s ]

[ 2015-05-04T09:57:15+08:00 ] 127.0.0.1 /activity/index.php/home
INFO: [ app_init ] --START--
INFO: Run Behavior\BuildLiteBehavior [ RunTime:0.000000s ]
INFO: [ app_init ] --END-- [ RunTime:0.001001s ]
INFO: [ app_begin ] --START--
INFO: Run Behavior\ReadHtmlCacheBehavior [ RunTime:0.001000s ]
INFO: [ app_begin ] --END-- [ RunTime:0.001000s ]
SQL: SHOW COLUMNS FROM `act_person` [ RunTime:0.0240s ]
SQL: SELECT * FROM `act_person` WHERE ( id='1' and password='caf1a3dfb505ffed0d024130f58c5cfa'  )  [ RunTime:0.0010s ]
INFO: [ app_end ] --START--
INFO: Run Behavior\ShowPageTraceBehavior [ RunTime:0.002000s ]
INFO: [ app_end ] --END-- [ RunTime:0.002000s ]

[ 2015-05-04T09:57:16+08:00 ] 127.0.0.1 /activity/index.php/home
INFO: [ app_init ] --START--
INFO: Run Behavior\BuildLiteBehavior [ RunTime:0.000000s ]
INFO: [ app_init ] --END-- [ RunTime:0.000000s ]
INFO: [ app_begin ] --START--
INFO: Run Behavior\ReadHtmlCacheBehavior [ RunTime:0.001000s ]
INFO: [ app_begin ] --END-- [ RunTime:0.001000s ]
SQL: SHOW COLUMNS FROM `act_person` [ RunTime:0.0080s ]
SQL: SELECT * FROM `act_person` WHERE ( id='1' and password='caf1a3dfb505ffed0d024130f58c5cfa'  )  [ RunTime:0.0010s ]
INFO: [ app_end ] --START--
INFO: Run Behavior\ShowPageTraceBehavior [ RunTime:0.002000s ]
INFO: [ app_end ] --END-- [ RunTime:0.002000s ]

[ 2015-05-04T09:57:16+08:00 ] 127.0.0.1 /activity/index.php/home
INFO: [ app_init ] --START--
INFO: Run Behavior\BuildLiteBehavior [ RunTime:0.000000s ]
INFO: [ app_init ] --END-- [ RunTime:0.001000s ]
INFO: [ app_begin ] --START--
INFO: Run Behavior\ReadHtmlCacheBehavior [ RunTime:0.002001s ]
INFO: [ app_begin ] --END-- [ RunTime:0.002001s ]
SQL: SHOW COLUMNS FROM `act_person` [ RunTime:0.0080s ]
SQL: SELECT * FROM `act_person` WHERE ( id='1' and password='caf1a3dfb505ffed0d024130f58c5cfa'  )  [ RunTime:0.0000s ]
INFO: [ app_end ] --START--
INFO: Run Behavior\ShowPageTraceBehavior [ RunTime:0.002000s ]
INFO: [ app_end ] --END-- [ RunTime:0.002000s ]

