[ 2015-05-07T16:12:03+08:00 ] 127.0.0.1 /activity/Public/jquery-ui-bootstrap/assets/js/jquery.min.map
INFO: [ app_init ] --START--
INFO: Run Behavior\BuildLiteBehavior [ RunTime:0.000000s ]
INFO: [ app_init ] --END-- [ RunTime:0.001000s ]
ERR: 无法加载模块:Public

[ 2015-05-07T16:14:00+08:00 ] 127.0.0.1 /activity/Public/jquery-ui-bootstrap/assets/js/jquery.min.map
INFO: [ app_init ] --START--
INFO: Run Behavior\BuildLiteBehavior [ RunTime:0.000000s ]
INFO: [ app_init ] --END-- [ RunTime:0.001000s ]
ERR: 无法加载模块:Public

[ 2015-05-07T16:28:15+08:00 ] 127.0.0.1 /activity/Public/jquery-ui-bootstrap/assets/css/bootstrap.css
INFO: [ app_init ] --START--
INFO: Run Behavior\BuildLiteBehavior [ RunTime:0.000000s ]
INFO: [ app_init ] --END-- [ RunTime:0.001000s ]
ERR: 无法加载模块:Public



[ 2015-05-07T16:28:15+08:00 ] 127.0.0.1 /activity/Public/jquery-ui-bootstrap/assets/js/jquery.js
INFO: [ app_init ] --START--
INFO: Run Behavior\BuildLiteBehavior [ RunTime:0.000000s ]
INFO: [ app_init ] --END-- [ RunTime:0.001000s ]
ERR: 无法加载模块:Public

[ 2015-05-07T16:28:15+08:00 ] 127.0.0.1 /activity/Public/jquery-ui-bootstrap/assets/js/bootstrap-alert.js
INFO: [ app_init ] --START--
INFO: Run Behavior\BuildLiteBehavior [ RunTime:0.000000s ]
INFO: [ app_init ] --END-- [ RunTime:0.002000s ]
ERR: 无法加载模块:Public

c

[ 2015-05-07T16:28:15+08:00 ] 127.0.0.1 /activity/Public/jquery-ui-bootstrap/assets/css/bootstrap-responsive.css
INFO: [ app_init ] --START--
INFO: Run Behavior\BuildLiteBehavior [ RunTime:0.000000s ]
INFO: [ app_init ] --END-- [ RunTime:0.001000s ]
ERR: 无法加载模块:Public

[ 2015-05-07T16:28:15+08:00 ] 127.0.0.1 /activity/Public/jquery-ui-bootstrap/assets/js/bootstrap-dropdown.js
INFO: [ app_init ] --START--
INFO: Run Behavior\BuildLiteBehavior [ RunTime:0.000000s ]
INFO: [ app_init ] --END-- [ RunTime:0.003000s ]
ERR: 无法加载模块:Public

[ 2015-05-07T16:28:15+08:00 ] 127.0.0.1 /activity/Public/jquery-ui-bootstrap/assets/js/bootstrap-scrollspy.js
INFO: [ app_init ] --START--
INFO: Run Behavior\BuildLiteBehavior [ RunTime:0.000000s ]
INFO: [ app_init ] --END-- [ RunTime:0.002000s ]
ERR: 无法加载模块:Public

[ 2015-05-07T16:28:15+08:00 ] 127.0.0.1 /activity/Public/jquery-ui-bootstrap/assets/js/bootstrap-tooltip.js
INFO: [ app_init ] --START--
INFO: Run Behavior\BuildLiteBehavior [ RunTime:0.000000s ]
INFO: [ app_init ] --END-- [ RunTime:0.004000s ]
ERR: 无法加载模块:Public

[ 2015-05-07T16:28:15+08:00 ] 127.0.0.1 /activity/Public/jquery-ui-bootstrap/assets/js/bootstrap-button.js
INFO: [ app_init ] --START--
INFO: Run Behavior\BuildLiteBehavior [ RunTime:0.000000s ]
INFO: [ app_init ] --END-- [ RunTime:0.004000s ]
ERR: 无法加载模块:Public

[ 2015-05-07T16:28:15+08:00 ] 127.0.0.1 /activity/Public/jquery-ui-bootstrap/assets/js/bootstrap-popover.js
INFO: [ app_init ] --START--
INFO: Run Behavior\BuildLiteBehavior [ RunTime:0.000000s ]
INFO: [ app_init ] --END-- [ RunTime:0.007001s ]
ERR: 无法加载模块:Public

[ 2015-05-07T16:28:15+08:00 ] 127.0.0.1 /activity/Public/jquery-ui-bootstrap/assets/js/bootstrap-tab.js
INFO: [ app_init ] --START--
INFO: Run Behavior\BuildLiteBehavior [ RunTime:0.000000s ]
INFO: [ app_init ] --END-- [ RunTime:0.003000s ]
ERR: 无法加载模块:Public

[ 2015-05-07T16:28:16+08:00 ] 127.0.0.1 /activity/Public/jquery-ui-bootstrap/assets/js/bootstrap-collapse.js
INFO: [ app_init ] --START--
INFO: Run Behavior\BuildLiteBehavior [ RunTime:0.000000s ]
INFO: [ app_init ] --END-- [ RunTime:0.001000s ]
ERR: 无法加载模块:Public

[ 2015-05-07T16:28:16+08:00 ] 127.0.0.1 /activity/Public/jquery-ui-bootstrap/assets/js/bootstrap-typeahead.js
INFO: [ app_init ] --START--
INFO: Run Behavior\BuildLiteBehavior [ RunTime:0.000000s ]
INFO: [ app_init ] --END-- [ RunTime:0.001000s ]
ERR: 无法加载模块:Public

[ 2015-05-07T16:28:16+08:00 ] 127.0.0.1 /activity/Public/jquery-ui-bootstrap/assets/js/bootstrap-carousel.js
INFO: [ app_init ] --START--
INFO: Run Behavior\BuildLiteBehavior [ RunTime:0.000000s ]
INFO: [ app_init ] --END-- [ RunTime:0.001000s ]
ERR: 无法加载模块:Public

